13:23:15 main INFO com.huawei.Main.main(14) Start...
13:23:15 main INFO com.huawei.Main.main(20) carPath = config/car.txt roadPath = config/road.txt crossPath = config/cross.txt and answerPath = config/answer.txt
13:23:15 main INFO com.huawei.Main.main(23) start read input files
13:23:15 main INFO com.huawei.Main.main(28) Start write output file
13:23:15 main INFO com.huawei.Main.main(30) End...
22:43:26 main INFO com.huawei.Main.main(51) Start...
22:43:26 main INFO com.huawei.Main.main(57) carPath = config/car.txt roadPath = config/road.txt crossPath = config/cross.txt and answerPath = config/answer.txt
22:43:26 main INFO com.huawei.Main.main(60) start read input files
22:43:26 main INFO com.huawei.Main.main(98) Start write output file
22:43:26 main INFO com.huawei.Main.main(102) End...
22:44:18 main INFO com.huawei.Main.main(51) Start...
22:44:18 main INFO com.huawei.Main.main(57) carPath = config/car.txt roadPath = config/road.txt crossPath = config/cross.txt and answerPath = config/answer.txt
22:44:18 main INFO com.huawei.Main.main(60) start read input files
22:44:18 main INFO com.huawei.Main.main(98) Start write output file
22:44:18 main INFO com.huawei.Main.main(102) End...
22:44:59 main INFO com.huawei.Main.main(51) Start...
22:44:59 main INFO com.huawei.Main.main(57) carPath = config/car.txt roadPath = config/road.txt crossPath = config/cross.txt and answerPath = config/answer.txt
22:44:59 main INFO com.huawei.Main.main(60) start read input files
22:44:59 main INFO com.huawei.Main.main(99) Start write output file
22:44:59 main INFO com.huawei.Main.main(103) End...
22:46:48 main INFO com.huawei.Main.main(51) Start...
22:46:48 main INFO com.huawei.Main.main(57) carPath = config/car.txt roadPath = config/road.txt crossPath = config/cross.txt and answerPath = config/answer.txt
22:46:48 main INFO com.huawei.Main.main(60) start read input files
22:46:48 main INFO com.huawei.Main.main(99) Start write output file
22:46:48 main INFO com.huawei.Main.main(103) End...
22:50:38 main INFO com.huawei.Main.main(51) Start...
22:50:38 main INFO com.huawei.Main.main(57) carPath = config/car.txt roadPath = config/road.txt crossPath = config/cross.txt and answerPath = config/answer.txt
22:50:38 main INFO com.huawei.Main.main(60) start read input files
22:50:38 main INFO com.huawei.Main.main(99) Start write output file
22:50:38 main INFO com.huawei.Main.main(103) End...
22:53:00 main INFO com.huawei.Main.main(51) Start...
22:53:00 main INFO com.huawei.Main.main(57) carPath = config/car.txt roadPath = config/road.txt crossPath = config/cross.txt and answerPath = config/answer.txt
22:53:00 main INFO com.huawei.Main.main(60) start read input files
22:53:01 main INFO com.huawei.Main.main(99) Start write output file
22:53:01 main INFO com.huawei.Main.main(103) End...
22:55:38 main INFO com.huawei.Main.main(51) Start...
22:55:38 main INFO com.huawei.Main.main(57) carPath = config/car.txt roadPath = config/road.txt crossPath = config/cross.txt and answerPath = config/answer.txt
22:55:38 main INFO com.huawei.Main.main(60) start read input files
22:55:39 main INFO com.huawei.Main.main(99) Start write output file
22:55:39 main INFO com.huawei.Main.main(103) End...
22:59:17 main INFO com.huawei.Main.main(51) Start...
22:59:17 main INFO com.huawei.Main.main(57) carPath = config/car.txt roadPath = config/road.txt crossPath = config/cross.txt and answerPath = config/answer.txt
22:59:17 main INFO com.huawei.Main.main(60) start read input files
22:59:17 main INFO com.huawei.Main.main(99) Start write output file
22:59:17 main INFO com.huawei.Main.main(103) End...
23:01:33 main INFO com.huawei.Main.main(51) Start...
23:01:33 main INFO com.huawei.Main.main(57) carPath = config/car.txt roadPath = config/road.txt crossPath = config/cross.txt and answerPath = config/answer.txt
23:01:33 main INFO com.huawei.Main.main(60) start read input files
23:01:33 main INFO com.huawei.Main.main(99) Start write output file
23:01:33 main INFO com.huawei.Main.main(103) End...
23:30:08 main INFO com.huawei.Main.main(51) Start...
23:30:08 main INFO com.huawei.Main.main(57) carPath = config/car.txt roadPath = config/road.txt crossPath = config/cross.txt and answerPath = config/answer.txt
23:30:08 main INFO com.huawei.Main.main(60) start read input files
23:30:08 main INFO com.huawei.Main.main(99) Start write output file
23:30:08 main INFO com.huawei.Main.main(103) End...
23:33:25 main INFO com.huawei.Main.main(51) Start...
23:33:25 main INFO com.huawei.Main.main(57) carPath = config/car.txt roadPath = config/road.txt crossPath = config/cross.txt and answerPath = config/answer.txt
23:33:25 main INFO com.huawei.Main.main(60) start read input files
23:33:25 main INFO com.huawei.Main.main(99) Start write output file
23:33:25 main INFO com.huawei.Main.main(103) End...
23:35:30 main INFO com.huawei.Main.main(51) Start...
23:35:30 main INFO com.huawei.Main.main(57) carPath = config/car.txt roadPath = config/road.txt crossPath = config/cross.txt and answerPath = config/answer.txt
23:35:30 main INFO com.huawei.Main.main(60) start read input files
23:35:30 main INFO com.huawei.Main.main(99) Start write output file
23:35:30 main INFO com.huawei.Main.main(103) End...
23:37:36 main INFO com.huawei.Main.main(51) Start...
23:37:36 main INFO com.huawei.Main.main(57) carPath = config/car.txt roadPath = config/road.txt crossPath = config/cross.txt and answerPath = config/answer.txt
23:37:36 main INFO com.huawei.Main.main(60) start read input files
23:37:36 main INFO com.huawei.Main.main(99) Start write output file
23:37:36 main INFO com.huawei.Main.main(103) End...
23:41:41 main INFO com.huawei.Main.main(51) Start...
23:41:41 main INFO com.huawei.Main.main(57) carPath = config/car.txt roadPath = config/road.txt crossPath = config/cross.txt and answerPath = config/answer.txt
23:41:41 main INFO com.huawei.Main.main(60) start read input files
23:41:41 main INFO com.huawei.Main.main(99) Start write output file
23:41:41 main INFO com.huawei.Main.main(103) End...
23:44:44 main INFO com.huawei.Main.main(51) Start...
23:44:44 main INFO com.huawei.Main.main(57) carPath = config/car.txt roadPath = config/road.txt crossPath = config/cross.txt and answerPath = config/answer.txt
23:44:44 main INFO com.huawei.Main.main(60) start read input files
23:44:44 main INFO com.huawei.Main.main(99) Start write output file
23:44:44 main INFO com.huawei.Main.main(103) End...
23:47:39 main INFO com.huawei.Main.main(51) Start...
23:47:39 main INFO com.huawei.Main.main(57) carPath = config/car.txt roadPath = config/road.txt crossPath = config/cross.txt and answerPath = config/answer.txt
23:47:39 main INFO com.huawei.Main.main(60) start read input files
23:47:40 main INFO com.huawei.Main.main(99) Start write output file
23:47:40 main INFO com.huawei.Main.main(103) End...
23:51:00 main INFO com.huawei.Main.main(51) Start...
23:51:00 main INFO com.huawei.Main.main(57) carPath = config/car.txt roadPath = config/road.txt crossPath = config/cross.txt and answerPath = config/answer.txt
23:51:00 main INFO com.huawei.Main.main(60) start read input files
23:51:01 main INFO com.huawei.Main.main(99) Start write output file
23:51:01 main INFO com.huawei.Main.main(103) End...
23:57:47 main INFO com.huawei.Main.main(51) Start...
23:57:47 main INFO com.huawei.Main.main(57) carPath = config/car.txt roadPath = config/road.txt crossPath = config/cross.txt and answerPath = config/answer.txt
23:57:47 main INFO com.huawei.Main.main(60) start read input files
23:57:47 main INFO com.huawei.Main.main(99) Start write output file
23:57:47 main INFO com.huawei.Main.main(103) End...
08:22:06 main INFO com.huawei.Main.main(49) Start...
08:22:06 main INFO com.huawei.Main.main(55) carPath = config/car.txt roadPath = config/road.txt crossPath = config/cross.txt and answerPath = config/answer.txt
08:22:06 main INFO com.huawei.Main.main(58) start read input files
08:22:06 main INFO com.huawei.Main.main(91) Start write output file
08:22:06 main INFO com.huawei.Main.main(95) End...
08:24:29 main INFO com.huawei.Main.main(49) Start...
08:24:29 main INFO com.huawei.Main.main(55) carPath = config/car.txt roadPath = config/road.txt crossPath = config/cross.txt and answerPath = config/answer.txt
08:24:29 main INFO com.huawei.Main.main(58) start read input files
08:24:29 main INFO com.huawei.Main.main(91) Start write output file
08:24:29 main INFO com.huawei.Main.main(95) End...
08:26:55 main INFO com.huawei.Main.main(49) Start...
08:26:55 main INFO com.huawei.Main.main(55) carPath = config/car.txt roadPath = config/road.txt crossPath = config/cross.txt and answerPath = config/answer.txt
08:26:55 main INFO com.huawei.Main.main(58) start read input files
08:26:55 main INFO com.huawei.Main.main(91) Start write output file
08:26:55 main INFO com.huawei.Main.main(95) End...
08:29:59 main INFO com.huawei.Main.main(49) Start...
08:29:59 main INFO com.huawei.Main.main(55) carPath = config/car.txt roadPath = config/road.txt crossPath = config/cross.txt and answerPath = config/answer.txt
08:29:59 main INFO com.huawei.Main.main(58) start read input files
08:29:59 main INFO com.huawei.Main.main(91) Start write output file
08:29:59 main INFO com.huawei.Main.main(95) End...
08:32:54 main INFO com.huawei.Main.main(49) Start...
08:32:54 main INFO com.huawei.Main.main(55) carPath = config/car.txt roadPath = config/road.txt crossPath = config/cross.txt and answerPath = config/answer.txt
08:32:54 main INFO com.huawei.Main.main(58) start read input files
08:32:54 main INFO com.huawei.Main.main(91) Start write output file
08:32:54 main INFO com.huawei.Main.main(95) End...
08:33:44 main INFO com.huawei.Main.main(49) Start...
08:33:44 main INFO com.huawei.Main.main(55) carPath = config/car.txt roadPath = config/road.txt crossPath = config/cross.txt and answerPath = config/answer.txt
08:33:44 main INFO com.huawei.Main.main(58) start read input files
08:33:44 main INFO com.huawei.Main.main(91) Start write output file
08:33:44 main INFO com.huawei.Main.main(95) End...
08:35:53 main INFO com.huawei.Main.main(49) Start...
08:35:53 main INFO com.huawei.Main.main(55) carPath = config/car.txt roadPath = config/road.txt crossPath = config/cross.txt and answerPath = config/answer.txt
08:35:53 main INFO com.huawei.Main.main(58) start read input files
08:35:53 main INFO com.huawei.Main.main(91) Start write output file
08:35:53 main INFO com.huawei.Main.main(95) End...
08:38:18 main INFO com.huawei.Main.main(49) Start...
08:38:18 main INFO com.huawei.Main.main(55) carPath = config/car.txt roadPath = config/road.txt crossPath = config/cross.txt and answerPath = config/answer.txt
08:38:18 main INFO com.huawei.Main.main(58) start read input files
08:38:19 main INFO com.huawei.Main.main(92) Start write output file
08:38:19 main INFO com.huawei.Main.main(96) End...
08:43:49 main INFO com.huawei.Main.main(49) Start...
08:43:49 main INFO com.huawei.Main.main(55) carPath = config/car.txt roadPath = config/road.txt crossPath = config/cross.txt and answerPath = config/answer.txt
08:43:49 main INFO com.huawei.Main.main(58) start read input files
08:43:49 main INFO com.huawei.Main.main(92) Start write output file
08:43:49 main INFO com.huawei.Main.main(96) End...
08:50:58 main INFO com.huawei.Main.main(49) Start...
08:50:58 main INFO com.huawei.Main.main(55) carPath = config/car.txt roadPath = config/road.txt crossPath = config/cross.txt and answerPath = config/answer.txt
08:50:58 main INFO com.huawei.Main.main(58) start read input files
08:50:58 main INFO com.huawei.Main.main(91) Start write output file
08:50:58 main INFO com.huawei.Main.main(95) End...
09:02:01 main INFO com.huawei.Main.main(49) Start...
09:02:01 main INFO com.huawei.Main.main(55) carPath = config/car.txt roadPath = config/road.txt crossPath = config/cross.txt and answerPath = config/answer.txt
09:02:01 main INFO com.huawei.Main.main(58) start read input files
09:02:01 main INFO com.huawei.Main.main(91) Start write output file
09:02:01 main INFO com.huawei.Main.main(95) End...
09:05:38 main INFO com.huawei.Main.main(49) Start...
09:05:38 main INFO com.huawei.Main.main(55) carPath = config/car.txt roadPath = config/road.txt crossPath = config/cross.txt and answerPath = config/answer.txt
09:05:38 main INFO com.huawei.Main.main(58) start read input files
09:05:38 main INFO com.huawei.Main.main(91) Start write output file
09:05:38 main INFO com.huawei.Main.main(95) End...
09:09:03 main INFO com.huawei.Main.main(49) Start...
09:09:03 main INFO com.huawei.Main.main(55) carPath = config/car.txt roadPath = config/road.txt crossPath = config/cross.txt and answerPath = config/answer.txt
09:09:03 main INFO com.huawei.Main.main(58) start read input files
09:09:03 main INFO com.huawei.Main.main(91) Start write output file
09:09:03 main INFO com.huawei.Main.main(95) End...
09:12:29 main INFO com.huawei.Main.main(49) Start...
09:12:29 main INFO com.huawei.Main.main(55) carPath = config/car.txt roadPath = config/road.txt crossPath = config/cross.txt and answerPath = config/answer.txt
09:12:29 main INFO com.huawei.Main.main(58) start read input files
09:12:29 main INFO com.huawei.Main.main(91) Start write output file
09:12:29 main INFO com.huawei.Main.main(95) End...
09:14:22 main INFO com.huawei.Main.main(49) Start...
09:14:22 main INFO com.huawei.Main.main(55) carPath = config/car.txt roadPath = config/road.txt crossPath = config/cross.txt and answerPath = config/answer.txt
09:14:22 main INFO com.huawei.Main.main(58) start read input files
09:14:22 main INFO com.huawei.Main.main(91) Start write output file
09:14:22 main INFO com.huawei.Main.main(95) End...
09:17:14 main INFO com.huawei.Main.main(49) Start...
09:17:14 main INFO com.huawei.Main.main(55) carPath = config/car.txt roadPath = config/road.txt crossPath = config/cross.txt and answerPath = config/answer.txt
09:17:14 main INFO com.huawei.Main.main(58) start read input files
09:17:14 main INFO com.huawei.Main.main(91) Start write output file
09:17:14 main INFO com.huawei.Main.main(95) End...
09:21:31 main INFO com.huawei.Main.main(49) Start...
09:21:31 main INFO com.huawei.Main.main(55) carPath = config/car.txt roadPath = config/road.txt crossPath = config/cross.txt and answerPath = config/answer.txt
09:21:31 main INFO com.huawei.Main.main(58) start read input files
09:21:31 main INFO com.huawei.Main.main(92) Start write output file
09:21:31 main INFO com.huawei.Main.main(96) End...
09:22:29 main INFO com.huawei.Main.main(49) Start...
09:22:29 main INFO com.huawei.Main.main(55) carPath = config/car.txt roadPath = config/road.txt crossPath = config/cross.txt and answerPath = config/answer.txt
09:22:29 main INFO com.huawei.Main.main(58) start read input files
09:22:30 main INFO com.huawei.Main.main(92) Start write output file
09:22:30 main INFO com.huawei.Main.main(96) End...
09:25:45 main INFO com.huawei.Main.main(49) Start...
09:25:45 main INFO com.huawei.Main.main(55) carPath = config/car.txt roadPath = config/road.txt crossPath = config/cross.txt and answerPath = config/answer.txt
09:25:45 main INFO com.huawei.Main.main(58) start read input files
09:25:45 main INFO com.huawei.Main.main(92) Start write output file
09:25:45 main INFO com.huawei.Main.main(96) End...
09:29:46 main INFO com.huawei.Main.main(49) Start...
09:29:46 main INFO com.huawei.Main.main(55) carPath = config/car.txt roadPath = config/road.txt crossPath = config/cross.txt and answerPath = config/answer.txt
09:29:46 main INFO com.huawei.Main.main(58) start read input files
09:29:46 main INFO com.huawei.Main.main(92) Start write output file
09:29:46 main INFO com.huawei.Main.main(96) End...
09:31:52 main INFO com.huawei.Main.main(49) Start...
09:31:52 main INFO com.huawei.Main.main(55) carPath = config/car.txt roadPath = config/road.txt crossPath = config/cross.txt and answerPath = config/answer.txt
09:31:52 main INFO com.huawei.Main.main(58) start read input files
09:31:52 main INFO com.huawei.Main.main(92) Start write output file
09:31:52 main INFO com.huawei.Main.main(96) End...
09:34:12 main INFO com.huawei.Main.main(49) Start...
09:34:12 main INFO com.huawei.Main.main(55) carPath = config/car.txt roadPath = config/road.txt crossPath = config/cross.txt and answerPath = config/answer.txt
09:34:12 main INFO com.huawei.Main.main(58) start read input files
09:34:12 main INFO com.huawei.Main.main(92) Start write output file
09:34:12 main INFO com.huawei.Main.main(96) End...
09:36:56 main INFO com.huawei.Main.main(49) Start...
09:36:56 main INFO com.huawei.Main.main(55) carPath = config/car.txt roadPath = config/road.txt crossPath = config/cross.txt and answerPath = config/answer.txt
09:36:56 main INFO com.huawei.Main.main(58) start read input files
09:36:56 main INFO com.huawei.Main.main(92) Start write output file
09:36:56 main INFO com.huawei.Main.main(96) End...
09:42:16 main INFO com.huawei.Main.main(49) Start...
09:42:16 main INFO com.huawei.Main.main(55) carPath = config/car.txt roadPath = config/road.txt crossPath = config/cross.txt and answerPath = config/answer.txt
09:42:16 main INFO com.huawei.Main.main(58) start read input files
09:42:17 main INFO com.huawei.Main.main(92) Start write output file
09:42:17 main INFO com.huawei.Main.main(96) End...
09:42:34 main INFO com.huawei.Main.main(49) Start...
09:42:34 main INFO com.huawei.Main.main(55) carPath = config/car.txt roadPath = config/road.txt crossPath = config/cross.txt and answerPath = config/answer.txt
09:42:34 main INFO com.huawei.Main.main(58) start read input files
09:42:34 main INFO com.huawei.Main.main(92) Start write output file
09:42:34 main INFO com.huawei.Main.main(96) End...
09:46:21 main INFO com.huawei.Main.main(49) Start...
09:46:21 main INFO com.huawei.Main.main(55) carPath = config/car.txt roadPath = config/road.txt crossPath = config/cross.txt and answerPath = config/answer.txt
09:46:21 main INFO com.huawei.Main.main(58) start read input files
09:46:21 main INFO com.huawei.Main.main(92) Start write output file
09:46:21 main INFO com.huawei.Main.main(96) End...
09:49:24 main INFO com.huawei.Main.main(49) Start...
09:49:24 main INFO com.huawei.Main.main(55) carPath = config/car.txt roadPath = config/road.txt crossPath = config/cross.txt and answerPath = config/answer.txt
09:49:24 main INFO com.huawei.Main.main(58) start read input files
09:49:24 main INFO com.huawei.Main.main(92) Start write output file
09:49:24 main INFO com.huawei.Main.main(96) End...
23:01:41 main INFO com.huawei.Main.main(49) Start...
23:01:41 main INFO com.huawei.Main.main(55) carPath = config/car.txt roadPath = config/road.txt crossPath = config/cross.txt and answerPath = config/answer.txt
23:01:41 main INFO com.huawei.Main.main(58) start read input files
23:01:41 main INFO com.huawei.Main.main(92) Start write output file
23:01:41 main INFO com.huawei.Main.main(96) End...
23:06:31 main INFO com.huawei.Main.main(49) Start...
23:06:31 main INFO com.huawei.Main.main(55) carPath = config/car.txt roadPath = config/road.txt crossPath = config/cross.txt and answerPath = config/answer.txt
23:06:31 main INFO com.huawei.Main.main(58) start read input files
23:06:31 main INFO com.huawei.Main.main(92) Start write output file
23:06:31 main INFO com.huawei.Main.main(96) End...
23:09:59 main INFO com.huawei.Main.main(49) Start...
23:09:59 main INFO com.huawei.Main.main(55) carPath = config/car.txt roadPath = config/road.txt crossPath = config/cross.txt and answerPath = config/answer.txt
23:09:59 main INFO com.huawei.Main.main(58) start read input files
23:09:59 main INFO com.huawei.Main.main(92) Start write output file
23:09:59 main INFO com.huawei.Main.main(96) End...
23:13:09 main INFO com.huawei.Main.main(49) Start...
23:13:09 main INFO com.huawei.Main.main(55) carPath = config/car.txt roadPath = config/road.txt crossPath = config/cross.txt and answerPath = config/answer.txt
23:13:09 main INFO com.huawei.Main.main(58) start read input files
23:13:09 main INFO com.huawei.Main.main(92) Start write output file
23:13:09 main INFO com.huawei.Main.main(96) End...
23:17:16 main INFO com.huawei.Main.main(49) Start...
23:17:16 main INFO com.huawei.Main.main(55) carPath = config/car.txt roadPath = config/road.txt crossPath = config/cross.txt and answerPath = config/answer.txt
23:17:16 main INFO com.huawei.Main.main(58) start read input files
23:17:16 main INFO com.huawei.Main.main(92) Start write output file
23:17:16 main INFO com.huawei.Main.main(96) End...
23:20:18 main INFO com.huawei.Main.main(49) Start...
23:20:18 main INFO com.huawei.Main.main(55) carPath = config/car.txt roadPath = config/road.txt crossPath = config/cross.txt and answerPath = config/answer.txt
23:20:18 main INFO com.huawei.Main.main(58) start read input files
23:20:18 main INFO com.huawei.Main.main(92) Start write output file
23:20:18 main INFO com.huawei.Main.main(96) End...
17:47:08 main INFO com.huawei.Main.main(49) Start...
17:47:08 main INFO com.huawei.Main.main(55) carPath = config/car.txt roadPath = config/road.txt crossPath = config/cross.txt and answerPath = config/answer.txt
17:47:08 main INFO com.huawei.Main.main(58) start read input files
17:47:08 main INFO com.huawei.Main.main(92) Start write output file
17:47:08 main INFO com.huawei.Main.main(96) End...
17:51:43 main INFO com.huawei.Main.main(49) Start...
17:51:43 main INFO com.huawei.Main.main(55) carPath = config/car.txt roadPath = config/road.txt crossPath = config/cross.txt and answerPath = config/answer.txt
17:51:43 main INFO com.huawei.Main.main(58) start read input files
17:51:43 main INFO com.huawei.Main.main(92) Start write output file
17:51:43 main INFO com.huawei.Main.main(96) End...
17:53:25 main INFO com.huawei.Main.main(49) Start...
17:53:25 main INFO com.huawei.Main.main(55) carPath = config/car.txt roadPath = config/road.txt crossPath = config/cross.txt and answerPath = config/answer.txt
17:53:25 main INFO com.huawei.Main.main(58) start read input files
17:53:25 main INFO com.huawei.Main.main(92) Start write output file
17:53:25 main INFO com.huawei.Main.main(96) End...
17:57:14 main INFO com.huawei.Main.main(49) Start...
17:57:14 main INFO com.huawei.Main.main(55) carPath = config/car.txt roadPath = config/road.txt crossPath = config/cross.txt and answerPath = config/answer.txt
17:57:14 main INFO com.huawei.Main.main(58) start read input files
17:57:14 main INFO com.huawei.Main.main(92) Start write output file
17:57:14 main INFO com.huawei.Main.main(96) End...
18:00:17 main INFO com.huawei.Main.main(49) Start...
18:00:17 main INFO com.huawei.Main.main(55) carPath = config/car.txt roadPath = config/road.txt crossPath = config/cross.txt and answerPath = config/answer.txt
18:00:17 main INFO com.huawei.Main.main(58) start read input files
18:00:17 main INFO com.huawei.Main.main(92) Start write output file
18:00:17 main INFO com.huawei.Main.main(96) End...
18:03:08 main INFO com.huawei.Main.main(49) Start...
18:03:08 main INFO com.huawei.Main.main(55) carPath = config/car.txt roadPath = config/road.txt crossPath = config/cross.txt and answerPath = config/answer.txt
18:03:08 main INFO com.huawei.Main.main(58) start read input files
18:03:08 main INFO com.huawei.Main.main(92) Start write output file
18:03:08 main INFO com.huawei.Main.main(96) End...
18:06:18 main INFO com.huawei.Main.main(49) Start...
18:06:18 main INFO com.huawei.Main.main(55) carPath = config/car.txt roadPath = config/road.txt crossPath = config/cross.txt and answerPath = config/answer.txt
18:06:18 main INFO com.huawei.Main.main(58) start read input files
18:06:18 main INFO com.huawei.Main.main(92) Start write output file
18:06:18 main INFO com.huawei.Main.main(96) End...
18:06:27 main INFO com.huawei.Main.main(49) Start...
18:06:27 main INFO com.huawei.Main.main(55) carPath = config/car.txt roadPath = config/road.txt crossPath = config/cross.txt and answerPath = config/answer.txt
18:06:27 main INFO com.huawei.Main.main(58) start read input files
18:06:27 main INFO com.huawei.Main.main(92) Start write output file
18:06:27 main INFO com.huawei.Main.main(96) End...
18:08:33 main INFO com.huawei.Main.main(49) Start...
18:08:33 main INFO com.huawei.Main.main(55) carPath = config/car.txt roadPath = config/road.txt crossPath = config/cross.txt and answerPath = config/answer.txt
18:08:33 main INFO com.huawei.Main.main(58) start read input files
18:08:33 main INFO com.huawei.Main.main(92) Start write output file
18:08:33 main INFO com.huawei.Main.main(96) End...
18:12:46 main INFO com.huawei.Main.main(49) Start...
18:12:46 main INFO com.huawei.Main.main(55) carPath = config/car.txt roadPath = config/road.txt crossPath = config/cross.txt and answerPath = config/answer.txt
18:12:46 main INFO com.huawei.Main.main(58) start read input files
18:12:46 main INFO com.huawei.Main.main(92) Start write output file
18:12:46 main INFO com.huawei.Main.main(96) End...
18:14:40 main INFO com.huawei.Main.main(49) Start...
18:14:40 main INFO com.huawei.Main.main(55) carPath = config/car.txt roadPath = config/road.txt crossPath = config/cross.txt and answerPath = config/answer.txt
18:14:40 main INFO com.huawei.Main.main(58) start read input files
18:14:40 main INFO com.huawei.Main.main(92) Start write output file
18:14:40 main INFO com.huawei.Main.main(96) End...
19:53:21 main INFO com.huawei.Main.main(49) Start...
19:53:21 main INFO com.huawei.Main.main(55) carPath = config/car.txt roadPath = config/road.txt crossPath = config/cross.txt and answerPath = config/answer.txt
19:53:21 main INFO com.huawei.Main.main(58) start read input files
19:53:21 main INFO com.huawei.Main.main(92) Start write output file
19:53:21 main INFO com.huawei.Main.main(96) End...
19:56:19 main INFO com.huawei.Main.main(49) Start...
19:56:19 main INFO com.huawei.Main.main(55) carPath = config/car.txt roadPath = config/road.txt crossPath = config/cross.txt and answerPath = config/answer.txt
19:56:19 main INFO com.huawei.Main.main(58) start read input files
19:56:19 main INFO com.huawei.Main.main(92) Start write output file
19:56:19 main INFO com.huawei.Main.main(96) End...
19:58:37 main INFO com.huawei.Main.main(49) Start...
19:58:37 main INFO com.huawei.Main.main(55) carPath = config/car.txt roadPath = config/road.txt crossPath = config/cross.txt and answerPath = config/answer.txt
19:58:37 main INFO com.huawei.Main.main(58) start read input files
19:58:37 main INFO com.huawei.Main.main(92) Start write output file
19:58:37 main INFO com.huawei.Main.main(96) End...
20:59:31 main INFO com.huawei.Main.main(49) Start...
20:59:31 main INFO com.huawei.Main.main(55) carPath = config/car.txt roadPath = config/road.txt crossPath = config/cross.txt and answerPath = config/answer.txt
20:59:31 main INFO com.huawei.Main.main(58) start read input files
20:59:31 main INFO com.huawei.Main.main(92) Start write output file
20:59:31 main INFO com.huawei.Main.main(96) End...
21:00:25 main INFO com.huawei.Main.main(49) Start...
21:00:25 main INFO com.huawei.Main.main(55) carPath = config/car.txt roadPath = config/road.txt crossPath = config/cross.txt and answerPath = config/answer.txt
21:00:25 main INFO com.huawei.Main.main(58) start read input files
21:00:26 main INFO com.huawei.Main.main(92) Start write output file
21:00:26 main INFO com.huawei.Main.main(96) End...
21:03:44 main INFO com.huawei.Main.main(49) Start...
21:03:44 main INFO com.huawei.Main.main(55) carPath = config/car.txt roadPath = config/road.txt crossPath = config/cross.txt and answerPath = config/answer.txt
21:03:44 main INFO com.huawei.Main.main(58) start read input files
21:03:44 main INFO com.huawei.Main.main(92) Start write output file
21:03:44 main INFO com.huawei.Main.main(96) End...
21:05:56 main INFO com.huawei.Main.main(49) Start...
21:05:56 main INFO com.huawei.Main.main(55) carPath = config/car.txt roadPath = config/road.txt crossPath = config/cross.txt and answerPath = config/answer.txt
21:05:56 main INFO com.huawei.Main.main(58) start read input files
21:05:56 main INFO com.huawei.Main.main(92) Start write output file
21:05:56 main INFO com.huawei.Main.main(96) End...
21:45:13 main INFO com.huawei.Main.main(49) Start...
21:45:13 main INFO com.huawei.Main.main(55) carPath = config/car.txt roadPath = config/road.txt crossPath = config/cross.txt and answerPath = config/answer.txt
21:45:13 main INFO com.huawei.Main.main(58) start read input files
21:45:13 main INFO com.huawei.Main.main(92) Start write output file
21:45:13 main INFO com.huawei.Main.main(96) End...
21:45:44 main INFO com.huawei.Main.main(49) Start...
21:45:44 main INFO com.huawei.Main.main(55) carPath = config/car.txt roadPath = config/road.txt crossPath = config/cross.txt and answerPath = config/answer.txt
21:45:44 main INFO com.huawei.Main.main(58) start read input files
21:45:44 main INFO com.huawei.Main.main(92) Start write output file
21:45:44 main INFO com.huawei.Main.main(96) End...
21:46:01 main INFO com.huawei.Main.main(49) Start...
21:46:01 main INFO com.huawei.Main.main(55) carPath = config/car.txt roadPath = config/road.txt crossPath = config/cross.txt and answerPath = config/answer.txt
21:46:01 main INFO com.huawei.Main.main(58) start read input files
21:46:01 main INFO com.huawei.Main.main(92) Start write output file
21:46:01 main INFO com.huawei.Main.main(96) End...
21:47:07 main INFO com.huawei.Main.main(49) Start...
21:47:07 main INFO com.huawei.Main.main(55) carPath = config/car.txt roadPath = config/road.txt crossPath = config/cross.txt and answerPath = config/answer.txt
21:47:07 main INFO com.huawei.Main.main(58) start read input files
21:47:07 main INFO com.huawei.Main.main(92) Start write output file
21:47:07 main INFO com.huawei.Main.main(96) End...
21:55:17 main INFO com.huawei.Main.main(49) Start...
21:55:17 main INFO com.huawei.Main.main(55) carPath = config/car.txt roadPath = config/road.txt crossPath = config/cross.txt and answerPath = config/answer.txt
21:55:17 main INFO com.huawei.Main.main(58) start read input files
21:55:17 main INFO com.huawei.Main.main(92) Start write output file
21:55:17 main INFO com.huawei.Main.main(96) End...
22:01:41 main INFO com.huawei.Main.main(49) Start...
22:01:41 main INFO com.huawei.Main.main(55) carPath = config/car.txt roadPath = config/road.txt crossPath = config/cross.txt and answerPath = config/answer.txt
22:01:41 main INFO com.huawei.Main.main(58) start read input files
22:01:41 main INFO com.huawei.Main.main(92) Start write output file
22:01:41 main INFO com.huawei.Main.main(96) End...
22:04:01 main INFO com.huawei.Main.main(49) Start...
22:04:01 main INFO com.huawei.Main.main(55) carPath = config/car.txt roadPath = config/road.txt crossPath = config/cross.txt and answerPath = config/answer.txt
22:04:01 main INFO com.huawei.Main.main(58) start read input files
22:04:03 main INFO com.huawei.Main.main(92) Start write output file
22:04:03 main INFO com.huawei.Main.main(96) End...
22:11:13 main INFO com.huawei.Main.main(49) Start...
22:11:13 main INFO com.huawei.Main.main(55) carPath = config/car.txt roadPath = config/road.txt crossPath = config/cross.txt and answerPath = config/answer.txt
22:11:13 main INFO com.huawei.Main.main(58) start read input files
22:11:15 main INFO com.huawei.Main.main(92) Start write output file
22:11:15 main INFO com.huawei.Main.main(96) End...
22:23:41 main INFO com.huawei.Main.main(49) Start...
22:23:41 main INFO com.huawei.Main.main(55) carPath = config/car.txt roadPath = config/road.txt crossPath = config/cross.txt and answerPath = config/answer.txt
22:23:41 main INFO com.huawei.Main.main(58) start read input files
22:23:42 main INFO com.huawei.Main.main(92) Start write output file
22:23:42 main INFO com.huawei.Main.main(96) End...
12:57:01 main INFO com.huawei.Main.main(49) Start...
12:57:01 main INFO com.huawei.Main.main(55) carPath = config/car.txt roadPath = config/road.txt crossPath = config/cross.txt and answerPath = config/answer.txt
12:57:01 main INFO com.huawei.Main.main(58) start read input files
12:57:02 main INFO com.huawei.Main.main(92) Start write output file
12:57:02 main INFO com.huawei.Main.main(96) End...
13:30:56 main INFO com.huawei.Main.main(49) Start...
13:30:56 main INFO com.huawei.Main.main(55) carPath = config/car.txt roadPath = config/road.txt crossPath = config/cross.txt and answerPath = config/answer.txt
13:30:56 main INFO com.huawei.Main.main(58) start read input files
13:30:56 main INFO com.huawei.Main.main(92) Start write output file
13:30:56 main INFO com.huawei.Main.main(96) End...
13:31:41 main INFO com.huawei.Main.main(53) Start...
13:31:41 main INFO com.huawei.Main.main(60) carPath = config/car.txt roadPath = config/road.txt crossPath = config/cross.txt and answerPath = config/answer.txt
13:31:41 main INFO com.huawei.Main.main(63) start read input files
13:31:42 main INFO com.huawei.Main.main(107) Start write output file
13:31:42 main INFO com.huawei.Main.main(110) End...
23:45:11 main INFO com.huawei.Main.main(53) Start...
23:45:11 main INFO com.huawei.Main.main(60) carPath = config/car.txt roadPath = config/road.txt crossPath = config/cross.txt and answerPath = config/answer.txt
23:45:11 main INFO com.huawei.Main.main(63) start read input files
23:45:18 main INFO com.huawei.Main.main(107) Start write output file
23:45:18 main INFO com.huawei.Main.main(110) End...
23:50:47 main INFO com.huawei.Main.main(53) Start...
23:50:47 main INFO com.huawei.Main.main(60) carPath = config/car.txt roadPath = config/road.txt crossPath = config/cross.txt and answerPath = config/answer.txt
23:50:47 main INFO com.huawei.Main.main(63) start read input files
23:50:54 main INFO com.huawei.Main.main(107) Start write output file
23:50:54 main INFO com.huawei.Main.main(110) End...
23:55:27 main INFO com.huawei.Main.main(53) Start...
23:55:27 main INFO com.huawei.Main.main(60) carPath = config/car.txt roadPath = config/road.txt crossPath = config/cross.txt and answerPath = config/answer.txt
23:55:27 main INFO com.huawei.Main.main(63) start read input files
23:57:29 main INFO com.huawei.Main.main(53) Start...
23:57:29 main INFO com.huawei.Main.main(60) carPath = config/car.txt roadPath = config/road.txt crossPath = config/cross.txt and answerPath = config/answer.txt
23:57:29 main INFO com.huawei.Main.main(63) start read input files
23:57:31 main INFO com.huawei.Main.main(108) Start write output file
23:57:31 main INFO com.huawei.Main.main(111) End...
23:59:03 main INFO com.huawei.Main.main(53) Start...
23:59:03 main INFO com.huawei.Main.main(60) carPath = config/car.txt roadPath = config/road.txt crossPath = config/cross.txt and answerPath = config/answer.txt
23:59:03 main INFO com.huawei.Main.main(63) start read input files
23:59:05 main INFO com.huawei.Main.main(108) Start write output file
23:59:05 main INFO com.huawei.Main.main(111) End...
00:01:26 main INFO com.huawei.Main.main(53) Start...
00:01:26 main INFO com.huawei.Main.main(60) carPath = config/car.txt roadPath = config/road.txt crossPath = config/cross.txt and answerPath = config/answer.txt
00:01:26 main INFO com.huawei.Main.main(63) start read input files
00:01:27 main INFO com.huawei.Main.main(108) Start write output file
00:01:27 main INFO com.huawei.Main.main(111) End...
00:03:38 main INFO com.huawei.Main.main(53) Start...
00:03:38 main INFO com.huawei.Main.main(60) carPath = config/car.txt roadPath = config/road.txt crossPath = config/cross.txt and answerPath = config/answer.txt
00:03:38 main INFO com.huawei.Main.main(63) start read input files
00:03:39 main INFO com.huawei.Main.main(108) Start write output file
00:03:39 main INFO com.huawei.Main.main(111) End...
00:12:41 main INFO com.huawei.Main.main(53) Start...
00:12:41 main INFO com.huawei.Main.main(60) carPath = config/car.txt roadPath = config/road.txt crossPath = config/cross.txt and answerPath = config/answer.txt
00:12:41 main INFO com.huawei.Main.main(63) start read input files
00:12:43 main INFO com.huawei.Main.main(111) Start write output file
00:12:43 main INFO com.huawei.Main.main(114) End...
00:14:11 main INFO com.huawei.Main.main(53) Start...
00:14:11 main INFO com.huawei.Main.main(60) carPath = config/car.txt roadPath = config/road.txt crossPath = config/cross.txt and answerPath = config/answer.txt
00:14:11 main INFO com.huawei.Main.main(63) start read input files
00:14:13 main INFO com.huawei.Main.main(111) Start write output file
00:14:13 main INFO com.huawei.Main.main(114) End...
